{"/Users/antonella/alchemy/career-track/lab-07/e2e/db.js": {"path":"/Users/antonella/alchemy/career-track/lab-07/e2e/db.js","statementMap":{"0":{"start":{"line":1,"column":17},"end":{"line":1,"column":36}},"1":{"start":{"line":3,"column":0},"end":{"line":10,"column":2}},"2":{"start":{"line":5,"column":4},"end":{"line":8,"column":9}},"3":{"start":{"line":7,"column":8},"end":{"line":7,"column":59}},"4":{"start":{"line":7,"column":49},"end":{"line":7,"column":59}}},"fnMap":{"0":{"name":"(anonymous_0)","decl":{"start":{"line":4,"column":2},"end":{"line":4,"column":3}},"loc":{"start":{"line":4,"column":23},"end":{"line":9,"column":3}},"line":4},"1":{"name":"(anonymous_1)","decl":{"start":{"line":6,"column":13},"end":{"line":6,"column":14}},"loc":{"start":{"line":6,"column":20},"end":{"line":8,"column":7}},"line":6}},"branchMap":{"0":{"loc":{"start":{"line":7,"column":8},"end":{"line":7,"column":59}},"type":"if","locations":[{"start":{"line":7,"column":8},"end":{"line":7,"column":59}},{"start":{"line":7,"column":8},"end":{"line":7,"column":59}}],"line":7}},"s":{"0":1,"1":1,"2":2,"3":0,"4":0},"f":{"0":2,"1":0},"b":{"0":[0,0]},"_coverageSchema":"43e27e138ebf9cfc5966b082cf9a028302ed4184","hash":"1f68555b81053b5393aca798a3e418f76f18d580"}
,"/Users/antonella/alchemy/career-track/lab-07/e2e/request.js": {"path":"/Users/antonella/alchemy/career-track/lab-07/e2e/request.js","statementMap":{"0":{"start":{"line":1,"column":12},"end":{"line":1,"column":33}},"1":{"start":{"line":2,"column":16},"end":{"line":2,"column":36}},"2":{"start":{"line":4,"column":0},"end":{"line":4,"column":30}}},"fnMap":{},"branchMap":{},"s":{"0":2,"1":2,"2":2},"f":{},"b":{},"_coverageSchema":"43e27e138ebf9cfc5966b082cf9a028302ed4184","hash":"91e26709dff89849fa4de09a7372c681219d423d"}
,"/Users/antonella/alchemy/career-track/lab-07/lib/app.js": {"path":"/Users/antonella/alchemy/career-track/lab-07/lib/app.js","statementMap":{"0":{"start":{"line":1,"column":16},"end":{"line":1,"column":34}},"1":{"start":{"line":2,"column":12},"end":{"line":2,"column":21}},"2":{"start":{"line":5,"column":15},"end":{"line":5,"column":32}},"3":{"start":{"line":6,"column":24},"end":{"line":6,"column":64}},"4":{"start":{"line":7,"column":0},"end":{"line":7,"column":23}},"5":{"start":{"line":8,"column":0},"end":{"line":8,"column":24}},"6":{"start":{"line":10,"column":0},"end":{"line":10,"column":34}},"7":{"start":{"line":12,"column":0},"end":{"line":14,"column":3}},"8":{"start":{"line":13,"column":2},"end":{"line":13,"column":28}},"9":{"start":{"line":16,"column":0},"end":{"line":16,"column":25}},"10":{"start":{"line":19,"column":13},"end":{"line":19,"column":37}},"11":{"start":{"line":20,"column":0},"end":{"line":20,"column":27}},"12":{"start":{"line":24,"column":15},"end":{"line":24,"column":46}},"13":{"start":{"line":25,"column":0},"end":{"line":25,"column":24}},"14":{"start":{"line":28,"column":21},"end":{"line":28,"column":58}},"15":{"start":{"line":29,"column":0},"end":{"line":29,"column":22}},"16":{"start":{"line":31,"column":0},"end":{"line":31,"column":21}}},"fnMap":{"0":{"name":"(anonymous_0)","decl":{"start":{"line":12,"column":18},"end":{"line":12,"column":19}},"loc":{"start":{"line":12,"column":32},"end":{"line":14,"column":1}},"line":12}},"branchMap":{},"s":{"0":2,"1":2,"2":2,"3":2,"4":2,"5":2,"6":2,"7":2,"8":1,"9":2,"10":2,"11":2,"12":2,"13":2,"14":2,"15":2,"16":2},"f":{"0":1},"b":{},"_coverageSchema":"43e27e138ebf9cfc5966b082cf9a028302ed4184","hash":"929742aac466bd5fd000b63876d721c216f1d787"}
,"/Users/antonella/alchemy/career-track/lab-07/lib/connect.js": {"path":"/Users/antonella/alchemy/career-track/lab-07/lib/connect.js","statementMap":{"0":{"start":{"line":2,"column":18},"end":{"line":2,"column":32}},"1":{"start":{"line":3,"column":17},"end":{"line":3,"column":36}},"2":{"start":{"line":5,"column":12},"end":{"line":9,"column":1}},"3":{"start":{"line":6,"column":2},"end":{"line":8,"column":4}},"4":{"start":{"line":7,"column":4},"end":{"line":7,"column":66}},"5":{"start":{"line":11,"column":22},"end":{"line":16,"column":1}},"6":{"start":{"line":12,"column":20},"end":{"line":12,"column":30}},"7":{"start":{"line":13,"column":23},"end":{"line":13,"column":55}},"8":{"start":{"line":15,"column":2},"end":{"line":15,"column":106}},"9":{"start":{"line":18,"column":0},"end":{"line":39,"column":2}},"10":{"start":{"line":19,"column":2},"end":{"line":23,"column":21}},"11":{"start":{"line":25,"column":2},"end":{"line":31,"column":3}},"12":{"start":{"line":26,"column":24},"end":{"line":26,"column":44}},"13":{"start":{"line":28,"column":4},"end":{"line":28,"column":63}},"14":{"start":{"line":29,"column":4},"end":{"line":29,"column":61}},"15":{"start":{"line":30,"column":4},"end":{"line":30,"column":63}},"16":{"start":{"line":33,"column":2},"end":{"line":38,"column":5}},"17":{"start":{"line":34,"column":4},"end":{"line":37,"column":7}},"18":{"start":{"line":35,"column":6},"end":{"line":35,"column":86}},"19":{"start":{"line":36,"column":6},"end":{"line":36,"column":22}}},"fnMap":{"0":{"name":"(anonymous_0)","decl":{"start":{"line":5,"column":12},"end":{"line":5,"column":13}},"loc":{"start":{"line":5,"column":30},"end":{"line":9,"column":1}},"line":5},"1":{"name":"(anonymous_1)","decl":{"start":{"line":6,"column":9},"end":{"line":6,"column":10}},"loc":{"start":{"line":6,"column":15},"end":{"line":8,"column":3}},"line":6},"2":{"name":"(anonymous_2)","decl":{"start":{"line":11,"column":22},"end":{"line":11,"column":23}},"loc":{"start":{"line":11,"column":29},"end":{"line":16,"column":1}},"line":11},"3":{"name":"(anonymous_3)","decl":{"start":{"line":18,"column":17},"end":{"line":18,"column":18}},"loc":{"start":{"line":18,"column":42},"end":{"line":39,"column":1}},"line":18},"4":{"name":"(anonymous_4)","decl":{"start":{"line":23,"column":11},"end":{"line":23,"column":12}},"loc":{"start":{"line":23,"column":17},"end":{"line":23,"column":19}},"line":23},"5":{"name":"(anonymous_5)","decl":{"start":{"line":33,"column":23},"end":{"line":33,"column":24}},"loc":{"start":{"line":33,"column":29},"end":{"line":38,"column":3}},"line":33},"6":{"name":"(anonymous_6)","decl":{"start":{"line":34,"column":30},"end":{"line":34,"column":31}},"loc":{"start":{"line":34,"column":36},"end":{"line":37,"column":5}},"line":34}},"branchMap":{"0":{"loc":{"start":{"line":13,"column":23},"end":{"line":13,"column":55}},"type":"cond-expr","locations":[{"start":{"line":13,"column":40},"end":{"line":13,"column":50}},{"start":{"line":13,"column":53},"end":{"line":13,"column":55}}],"line":13},"1":{"loc":{"start":{"line":18,"column":25},"end":{"line":18,"column":37}},"type":"default-arg","locations":[{"start":{"line":18,"column":35},"end":{"line":18,"column":37}}],"line":18},"2":{"loc":{"start":{"line":25,"column":2},"end":{"line":31,"column":3}},"type":"if","locations":[{"start":{"line":25,"column":2},"end":{"line":31,"column":3}},{"start":{"line":25,"column":2},"end":{"line":31,"column":3}}],"line":25}},"s":{"0":3,"1":3,"2":3,"3":0,"4":0,"5":3,"6":0,"7":0,"8":0,"9":3,"10":3,"11":3,"12":0,"13":0,"14":0,"15":0,"16":3,"17":0,"18":0,"19":0},"f":{"0":0,"1":0,"2":0,"3":3,"4":0,"5":0,"6":0},"b":{"0":[0,0],"1":[0],"2":[0,3]},"_coverageSchema":"43e27e138ebf9cfc5966b082cf9a028302ed4184","hash":"86bb870453da14ba0f4e8862c83f84876dee3ffe"}
,"/Users/antonella/alchemy/career-track/lab-07/lib/middleware/api-404.js": {"path":"/Users/antonella/alchemy/career-track/lab-07/lib/middleware/api-404.js","statementMap":{"0":{"start":{"line":1,"column":0},"end":{"line":5,"column":2}},"1":{"start":{"line":2,"column":2},"end":{"line":4,"column":5}}},"fnMap":{"0":{"name":"(anonymous_0)","decl":{"start":{"line":1,"column":17},"end":{"line":1,"column":18}},"loc":{"start":{"line":1,"column":31},"end":{"line":5,"column":1}},"line":1}},"branchMap":{},"s":{"0":2,"1":1},"f":{"0":1},"b":{},"_coverageSchema":"43e27e138ebf9cfc5966b082cf9a028302ed4184","hash":"5e74c3b194be94514ff7603d3f61d89ce6b56ec5"}
,"/Users/antonella/alchemy/career-track/lab-07/lib/middleware/check-connection.js": {"path":"/Users/antonella/alchemy/career-track/lab-07/lib/middleware/check-connection.js","statementMap":{"0":{"start":{"line":1,"column":19},"end":{"line":1,"column":49}},"1":{"start":{"line":2,"column":14},"end":{"line":2,"column":53}},"2":{"start":{"line":4,"column":0},"end":{"line":12,"column":2}},"3":{"start":{"line":5,"column":2},"end":{"line":11,"column":14}},"4":{"start":{"line":6,"column":4},"end":{"line":9,"column":7}},"5":{"start":{"line":11,"column":7},"end":{"line":11,"column":14}}},"fnMap":{"0":{"name":"(anonymous_0)","decl":{"start":{"line":4,"column":17},"end":{"line":4,"column":18}},"loc":{"start":{"line":4,"column":37},"end":{"line":12,"column":1}},"line":4}},"branchMap":{"0":{"loc":{"start":{"line":5,"column":2},"end":{"line":11,"column":14}},"type":"if","locations":[{"start":{"line":5,"column":2},"end":{"line":11,"column":14}},{"start":{"line":5,"column":2},"end":{"line":11,"column":14}}],"line":5}},"s":{"0":2,"1":2,"2":2,"3":5,"4":0,"5":5},"f":{"0":5},"b":{"0":[0,5]},"_coverageSchema":"43e27e138ebf9cfc5966b082cf9a028302ed4184","hash":"b1df286506442b695f40676030cf8c6dc650c462"}
,"/Users/antonella/alchemy/career-track/lab-07/lib/middleware/error-handler.js": {"path":"/Users/antonella/alchemy/career-track/lab-07/lib/middleware/error-handler.js","statementMap":{"0":{"start":{"line":4,"column":0},"end":{"line":31,"column":2}},"1":{"start":{"line":5,"column":19},"end":{"line":5,"column":22}},"2":{"start":{"line":6,"column":14},"end":{"line":6,"column":37}},"3":{"start":{"line":9,"column":2},"end":{"line":25,"column":3}},"4":{"start":{"line":10,"column":4},"end":{"line":10,"column":21}},"5":{"start":{"line":11,"column":4},"end":{"line":11,"column":24}},"6":{"start":{"line":14,"column":7},"end":{"line":25,"column":3}},"7":{"start":{"line":18,"column":4},"end":{"line":18,"column":32}},"8":{"start":{"line":19,"column":4},"end":{"line":19,"column":22}},"9":{"start":{"line":24,"column":4},"end":{"line":24,"column":41}},"10":{"start":{"line":28,"column":2},"end":{"line":28,"column":42}},"11":{"start":{"line":30,"column":2},"end":{"line":30,"column":41}}},"fnMap":{"0":{"name":"(anonymous_0)","decl":{"start":{"line":4,"column":17},"end":{"line":4,"column":18}},"loc":{"start":{"line":4,"column":42},"end":{"line":31,"column":1}},"line":4}},"branchMap":{"0":{"loc":{"start":{"line":9,"column":2},"end":{"line":25,"column":3}},"type":"if","locations":[{"start":{"line":9,"column":2},"end":{"line":25,"column":3}},{"start":{"line":9,"column":2},"end":{"line":25,"column":3}}],"line":9},"1":{"loc":{"start":{"line":9,"column":5},"end":{"line":9,"column":63}},"type":"binary-expr","locations":[{"start":{"line":9,"column":5},"end":{"line":9,"column":35}},{"start":{"line":9,"column":39},"end":{"line":9,"column":63}}],"line":9},"2":{"loc":{"start":{"line":14,"column":7},"end":{"line":25,"column":3}},"type":"if","locations":[{"start":{"line":14,"column":7},"end":{"line":25,"column":3}},{"start":{"line":14,"column":7},"end":{"line":25,"column":3}}],"line":14}},"s":{"0":2,"1":0,"2":0,"3":0,"4":0,"5":0,"6":0,"7":0,"8":0,"9":0,"10":0,"11":0},"f":{"0":0},"b":{"0":[0,0],"1":[0,0],"2":[0,0]},"_coverageSchema":"43e27e138ebf9cfc5966b082cf9a028302ed4184","hash":"550dba7983a204540bdb7238724e19bf7f73fc08"}
,"/Users/antonella/alchemy/career-track/lab-07/lib/models/dog.js": {"path":"/Users/antonella/alchemy/career-track/lab-07/lib/models/dog.js","statementMap":{"0":{"start":{"line":1,"column":17},"end":{"line":1,"column":36}},"1":{"start":{"line":3,"column":19},"end":{"line":3,"column":27}},"2":{"start":{"line":5,"column":15},"end":{"line":35,"column":2}},"3":{"start":{"line":37,"column":0},"end":{"line":37,"column":47}}},"fnMap":{},"branchMap":{},"s":{"0":3,"1":3,"2":3,"3":3},"f":{},"b":{},"_coverageSchema":"43e27e138ebf9cfc5966b082cf9a028302ed4184","hash":"2a3961a11e21d1c212c82b3b2fe3331169cc8618"}
,"/Users/antonella/alchemy/career-track/lab-07/lib/routes/dogs.js": {"path":"/Users/antonella/alchemy/career-track/lab-07/lib/routes/dogs.js","statementMap":{"0":{"start":{"line":2,"column":15},"end":{"line":2,"column":42}},"1":{"start":{"line":3,"column":12},"end":{"line":3,"column":36}},"2":{"start":{"line":5,"column":0},"end":{"line":20,"column":5}},"3":{"start":{"line":7,"column":4},"end":{"line":11,"column":19}},"4":{"start":{"line":9,"column":8},"end":{"line":9,"column":29}},"5":{"start":{"line":15,"column":4},"end":{"line":19,"column":19}},"6":{"start":{"line":17,"column":8},"end":{"line":17,"column":29}},"7":{"start":{"line":23,"column":0},"end":{"line":23,"column":24}}},"fnMap":{"0":{"name":"(anonymous_0)","decl":{"start":{"line":6,"column":13},"end":{"line":6,"column":14}},"loc":{"start":{"line":6,"column":33},"end":{"line":12,"column":3}},"line":6},"1":{"name":"(anonymous_1)","decl":{"start":{"line":8,"column":12},"end":{"line":8,"column":13}},"loc":{"start":{"line":8,"column":19},"end":{"line":10,"column":7}},"line":8},"2":{"name":"(anonymous_2)","decl":{"start":{"line":14,"column":15},"end":{"line":14,"column":16}},"loc":{"start":{"line":14,"column":35},"end":{"line":20,"column":3}},"line":14},"3":{"name":"(anonymous_3)","decl":{"start":{"line":16,"column":12},"end":{"line":16,"column":13}},"loc":{"start":{"line":16,"column":19},"end":{"line":18,"column":7}},"line":16}},"branchMap":{},"s":{"0":2,"1":2,"2":2,"3":2,"4":2,"5":1,"6":1,"7":2},"f":{"0":2,"1":2,"2":1,"3":1},"b":{},"_coverageSchema":"43e27e138ebf9cfc5966b082cf9a028302ed4184","hash":"f733cd81681bae837a6713714de231148e8e42d2"}
}
