TN:
SF:/Users/antonella/alchemy/career-track/lab-07/e2e/db.js
FN:4,(anonymous_0)
FN:6,(anonymous_1)
FNF:2
FNH:0
FNDA:0,(anonymous_0)
FNDA:0,(anonymous_1)
DA:1,1
DA:3,1
DA:5,0
DA:7,0
LF:4
LH:2
BRDA:7,0,0,0
BRDA:7,0,1,0
BRF:2
BRH:0
end_of_record
TN:
SF:/Users/antonella/alchemy/career-track/lab-07/e2e/request.js
FNF:0
FNH:0
DA:1,2
DA:2,2
DA:4,2
LF:3
LH:3
BRF:0
BRH:0
end_of_record
TN:
SF:/Users/antonella/alchemy/career-track/lab-07/lib/app.js
FN:10,(anonymous_0)
FNF:1
FNH:1
FNDA:1,(anonymous_0)
DA:1,2
DA:2,2
DA:5,2
DA:6,2
DA:7,2
DA:8,2
DA:10,2
DA:11,1
DA:14,2
DA:17,2
DA:18,2
DA:22,2
DA:23,2
DA:26,2
DA:27,2
DA:29,2
LF:16
LH:16
BRF:0
BRH:0
end_of_record
TN:
SF:/Users/antonella/alchemy/career-track/lab-07/lib/connect.js
FN:5,(anonymous_0)
FN:6,(anonymous_1)
FN:11,(anonymous_2)
FN:18,(anonymous_3)
FN:23,(anonymous_4)
FN:33,(anonymous_5)
FN:34,(anonymous_6)
FNF:7
FNH:1
FNDA:0,(anonymous_0)
FNDA:0,(anonymous_1)
FNDA:0,(anonymous_2)
FNDA:3,(anonymous_3)
FNDA:0,(anonymous_4)
FNDA:0,(anonymous_5)
FNDA:0,(anonymous_6)
DA:2,3
DA:3,3
DA:5,3
DA:6,0
DA:7,0
DA:11,3
DA:12,0
DA:13,0
DA:15,0
DA:18,3
DA:19,3
DA:25,3
DA:26,0
DA:28,0
DA:29,0
DA:30,0
DA:33,3
DA:34,0
DA:35,0
DA:36,0
LF:20
LH:8
BRDA:13,0,0,0
BRDA:13,0,1,0
BRDA:18,1,0,0
BRDA:25,2,0,0
BRDA:25,2,1,3
BRF:5
BRH:1
end_of_record
TN:
SF:/Users/antonella/alchemy/career-track/lab-07/lib/middleware/api-404.js
FN:1,(anonymous_0)
FNF:1
FNH:0
FNDA:0,(anonymous_0)
DA:1,2
DA:2,0
LF:2
LH:1
BRF:0
BRH:0
end_of_record
TN:
SF:/Users/antonella/alchemy/career-track/lab-07/lib/middleware/check-connection.js
FN:4,(anonymous_0)
FNF:1
FNH:0
FNDA:0,(anonymous_0)
DA:1,2
DA:2,2
DA:4,2
DA:5,0
DA:6,0
DA:11,0
LF:6
LH:3
BRDA:5,0,0,0
BRDA:5,0,1,0
BRF:2
BRH:0
end_of_record
TN:
SF:/Users/antonella/alchemy/career-track/lab-07/lib/middleware/error-handler.js
FN:4,(anonymous_0)
FNF:1
FNH:0
FNDA:0,(anonymous_0)
DA:4,2
DA:5,0
DA:6,0
DA:9,0
DA:10,0
DA:11,0
DA:14,0
DA:18,0
DA:19,0
DA:24,0
DA:28,0
DA:30,0
LF:12
LH:1
BRDA:9,0,0,0
BRDA:9,0,1,0
BRDA:9,1,0,0
BRDA:9,1,1,0
BRDA:14,2,0,0
BRDA:14,2,1,0
BRF:6
BRH:0
end_of_record
TN:
SF:/Users/antonella/alchemy/career-track/lab-07/lib/models/dog.js
FNF:0
FNH:0
DA:1,3
DA:3,3
DA:5,3
DA:37,3
LF:4
LH:4
BRF:0
BRH:0
end_of_record
TN:
SF:/Users/antonella/alchemy/career-track/lab-07/lib/routes/dogs.js
FN:6,(anonymous_0)
FN:8,(anonymous_1)
FNF:2
FNH:0
FNDA:0,(anonymous_0)
FNDA:0,(anonymous_1)
DA:2,2
DA:3,2
DA:5,2
DA:7,0
DA:9,0
DA:15,2
LF:6
LH:4
BRF:0
BRH:0
end_of_record
